<?xml version="1.0" encoding="UTF-8"?>
<item><pubDate>Sun, 02 Jul 2017 18:09:15 +0200</pubDate><title><![CDATA[test 2]]></title><url><![CDATA[test-2]]></url><meta><![CDATA[]]></meta><metad><![CDATA[]]></metad><menu><![CDATA[test 2]]></menu><menuStatus><![CDATA[Y]]></menuStatus><template><![CDATA[template.php]]></template><parent><![CDATA[]]></parent><content><![CDATA[&lt;p&gt;2&lt;/p&gt;
]]></content><private><![CDATA[]]></private><author><![CDATA[admin]]></author><menuOrder><![CDATA[2]]></menuOrder></item>
