<?xml version="1.0" encoding="UTF-8"?>
<item><pubDate>Sun, 02 Jul 2017 19:41:22 +0200</pubDate><title><![CDATA[Образование]]></title><url><![CDATA[test-11]]></url><meta><![CDATA[]]></meta><metad><![CDATA[]]></metad><menu><![CDATA[test 1.1]]></menu><menuStatus><![CDATA[Y]]></menuStatus><template><![CDATA[template.php]]></template><parent><![CDATA[deyatelnost]]></parent><content><![CDATA[&lt;p&gt;В разработке&lt;/p&gt;
]]></content><private><![CDATA[]]></private><author><![CDATA[admin]]></author><menuOrder><![CDATA[1]]></menuOrder></item>
